[     168ms] [INFO] %cDownload the React DevTools for a better development experience: https://react.dev/link/react-devtools font-weight:bold @ http://localhost:3100/catalog/_next/static/chunks/node_modules_next_dist_1ybzpk2._.js:2477
[     177ms] [LOG] [HMR] connected @ http://localhost:3100/catalog/_next/static/chunks/node_modules_next_dist_1ybzpk2._.js:2477
[  892800ms] [LOG] [Fast Refresh] rebuilding @ http://localhost:3100/catalog/_next/static/chunks/node_modules_next_dist_1ybzpk2._.js:2477
[  892810ms] [LOG] [Fast Refresh] done in 112ms @ http://localhost:3100/catalog/_next/static/chunks/node_modules_next_dist_1ybzpk2._.js:2477
[  892911ms] [LOG] [Fast Refresh] rebuilding @ http://localhost:3100/catalog/_next/static/chunks/node_modules_next_dist_1ybzpk2._.js:2477
[  893363ms] [LOG] [Fast Refresh] done in 553ms @ http://localhost:3100/catalog/_next/static/chunks/node_modules_next_dist_1ybzpk2._.js:2477
[  933404ms] [ERROR] WebSocket connection to 'ws://localhost:3100/catalog/_next/webpack-hmr?id=WY5qVIpWK7ZA_9oI54gLj' failed: Error in connection establishment: net::ERR_CONNECTION_REFUSED @ http://localhost:3100/catalog/_next/static/chunks/node_modules_next_dist_client_0r5nbpw._.js:13421
[  934408ms] [ERROR] WebSocket connection to 'ws://localhost:3100/catalog/_next/webpack-hmr?id=WY5qVIpWK7ZA_9oI54gLj' failed: Error in connection establishment: net::ERR_CONNECTION_REFUSED @ http://localhost:3100/catalog/_next/static/chunks/node_modules_next_dist_client_0r5nbpw._.js:13421
[  935412ms] [ERROR] WebSocket connection to 'ws://localhost:3100/catalog/_next/webpack-hmr?id=WY5qVIpWK7ZA_9oI54gLj' failed: Error in connection establishment: net::ERR_CONNECTION_REFUSED @ http://localhost:3100/catalog/_next/static/chunks/node_modules_next_dist_client_0r5nbpw._.js:13421
[  936416ms] [ERROR] WebSocket connection to 'ws://localhost:3100/catalog/_next/webpack-hmr?id=WY5qVIpWK7ZA_9oI54gLj' failed: Error in connection establishment: net::ERR_CONNECTION_REFUSED @ http://localhost:3100/catalog/_next/static/chunks/node_modules_next_dist_client_0r5nbpw._.js:13421
[  937421ms] [ERROR] WebSocket connection to 'ws://localhost:3100/catalog/_next/webpack-hmr?id=WY5qVIpWK7ZA_9oI54gLj' failed: Error in connection establishment: net::ERR_CONNECTION_REFUSED @ http://localhost:3100/catalog/_next/static/chunks/node_modules_next_dist_client_0r5nbpw._.js:13421
[  942433ms] [LOG] [HMR] connected @ http://localhost:3100/catalog/_next/static/chunks/node_modules_next_dist_1ybzpk2._.js:2477
[  942792ms] [INFO] %cDownload the React DevTools for a better development experience: https://react.dev/link/react-devtools font-weight:bold @ http://localhost:3100/catalog/_next/static/chunks/node_modules_next_dist_1ybzpk2._.js:2477
[  942801ms] [LOG] [HMR] connected @ http://localhost:3100/catalog/_next/static/chunks/node_modules_next_dist_1ybzpk2._.js:2477
[  993355ms] [INFO] %cDownload the React DevTools for a better development experience: https://react.dev/link/react-devtools font-weight:bold @ http://localhost:3100/catalog/_next/static/chunks/node_modules_next_dist_1ybzpk2._.js:2477
[  993362ms] [LOG] [HMR] connected @ http://localhost:3100/catalog/_next/static/chunks/node_modules_next_dist_1ybzpk2._.js:2477
[ 1009726ms] [LOG] [Fast Refresh] rebuilding @ http://localhost:3100/catalog/_next/static/chunks/node_modules_next_dist_1ybzpk2._.js:2477
[ 1009974ms] [LOG] [Fast Refresh] done in 349ms @ http://localhost:3100/catalog/_next/static/chunks/node_modules_next_dist_1ybzpk2._.js:2477
[ 1028052ms] [LOG] [Fast Refresh] rebuilding @ http://localhost:3100/catalog/_next/static/chunks/node_modules_next_dist_1ybzpk2._.js:2477
[ 1028425ms] [LOG] [Fast Refresh] done in 474ms @ http://localhost:3100/catalog/_next/static/chunks/node_modules_next_dist_1ybzpk2._.js:2477
[ 1098096ms] [ERROR] WebSocket connection to 'ws://localhost:3100/catalog/_next/webpack-hmr?id=wlgCBr2Re8Cgux10D2eNk' failed: Error in connection establishment: net::ERR_CONNECTION_REFUSED @ http://localhost:3100/catalog/_next/static/chunks/node_modules_next_dist_client_0r5nbpw._.js:13421
[ 1099099ms] [ERROR] WebSocket connection to 'ws://localhost:3100/catalog/_next/webpack-hmr?id=wlgCBr2Re8Cgux10D2eNk' failed: Error in connection establishment: net::ERR_CONNECTION_REFUSED @ http://localhost:3100/catalog/_next/static/chunks/node_modules_next_dist_client_0r5nbpw._.js:13421
[ 1100103ms] [ERROR] WebSocket connection to 'ws://localhost:3100/catalog/_next/webpack-hmr?id=wlgCBr2Re8Cgux10D2eNk' failed: Error in connection establishment: net::ERR_CONNECTION_REFUSED @ http://localhost:3100/catalog/_next/static/chunks/node_modules_next_dist_client_0r5nbpw._.js:13421
[ 1101106ms] [ERROR] WebSocket connection to 'ws://localhost:3100/catalog/_next/webpack-hmr?id=wlgCBr2Re8Cgux10D2eNk' failed: Error in connection establishment: net::ERR_CONNECTION_REFUSED @ http://localhost:3100/catalog/_next/static/chunks/node_modules_next_dist_client_0r5nbpw._.js:13421
[ 1102109ms] [ERROR] WebSocket connection to 'ws://localhost:3100/catalog/_next/webpack-hmr?id=wlgCBr2Re8Cgux10D2eNk' failed: Error in connection establishment: net::ERR_CONNECTION_REFUSED @ http://localhost:3100/catalog/_next/static/chunks/node_modules_next_dist_client_0r5nbpw._.js:13421
[ 1107111ms] [ERROR] WebSocket connection to 'ws://localhost:3100/catalog/_next/webpack-hmr?id=wlgCBr2Re8Cgux10D2eNk' failed: Error in connection establishment: net::ERR_CONNECTION_REFUSED @ http://localhost:3100/catalog/_next/static/chunks/node_modules_next_dist_client_0r5nbpw._.js:13421
[ 1112114ms] [ERROR] WebSocket connection to 'ws://localhost:3100/catalog/_next/webpack-hmr?id=wlgCBr2Re8Cgux10D2eNk' failed: Error in connection establishment: net::ERR_CONNECTION_REFUSED @ http://localhost:3100/catalog/_next/static/chunks/node_modules_next_dist_client_0r5nbpw._.js:13421
[ 1117117ms] [ERROR] WebSocket connection to 'ws://localhost:3100/catalog/_next/webpack-hmr?id=wlgCBr2Re8Cgux10D2eNk' failed: Error in connection establishment: net::ERR_CONNECTION_REFUSED @ http://localhost:3100/catalog/_next/static/chunks/node_modules_next_dist_client_0r5nbpw._.js:13421
[ 1122120ms] [ERROR] WebSocket connection to 'ws://localhost:3100/catalog/_next/webpack-hmr?id=wlgCBr2Re8Cgux10D2eNk' failed: Error in connection establishment: net::ERR_CONNECTION_REFUSED @ http://localhost:3100/catalog/_next/static/chunks/node_modules_next_dist_client_0r5nbpw._.js:13421
[ 1127123ms] [ERROR] WebSocket connection to 'ws://localhost:3100/catalog/_next/webpack-hmr?id=wlgCBr2Re8Cgux10D2eNk' failed: Error in connection establishment: net::ERR_CONNECTION_REFUSED @ http://localhost:3100/catalog/_next/static/chunks/node_modules_next_dist_client_0r5nbpw._.js:13421
[ 1132127ms] [ERROR] WebSocket connection to 'ws://localhost:3100/catalog/_next/webpack-hmr?id=wlgCBr2Re8Cgux10D2eNk' failed: Error in connection establishment: net::ERR_CONNECTION_REFUSED @ http://localhost:3100/catalog/_next/static/chunks/node_modules_next_dist_client_0r5nbpw._.js:13421
[ 1137130ms] [ERROR] WebSocket connection to 'ws://localhost:3100/catalog/_next/webpack-hmr?id=wlgCBr2Re8Cgux10D2eNk' failed: Error in connection establishment: net::ERR_CONNECTION_REFUSED @ http://localhost:3100/catalog/_next/static/chunks/node_modules_next_dist_client_0r5nbpw._.js:13421
